[2025-10-26 13:30:55] ========================================
[2025-10-26 13:30:55] TCPDF System Runner Started
[2025-10-26 13:30:55] ========================================
[2025-10-26 13:30:55] Files verified successfully
[2025-10-26 13:30:55] Starting infinite loop...
[2025-10-26 13:30:55] 
[2025-10-26 13:30:55] ========================================
[2025-10-26 13:30:55] Cycle #1 Started
[2025-10-26 13:30:55] ========================================
[2025-10-26 13:30:55] [1/2] Running Watcher...
[2025-10-26 13:30:55] ========================================
[Watcher] 🔍 Started at 2025-10-26 13:30:55
========================================
[Info] Last processed trans_id: 4502299
[Info] Current max trans_id: 4505003
[Info] New rows available: 2704
[✅] Created job #6194: trans_id 4502300 to 4503299
[✅] Created job #6195: trans_id 4503300 to 4504299
========================================
[Success] Created 2 new job(s)
========================================
[Watcher] Finished at 2025-10-26 13:30:55
========================================

[2025-10-26 13:30:55] Waiting 5 seconds...
[2025-10-26 13:31:00] [2/2] Running Worker...
[2025-10-26 13:44:40] ========================================
[2025-10-26 13:44:40] TCPDF System Runner Started
[2025-10-26 13:44:40] ========================================
[2025-10-26 13:44:40] Files verified successfully
[2025-10-26 13:44:40] Starting infinite loop...
[2025-10-26 13:44:40] 
[2025-10-26 13:44:40] ========================================
[2025-10-26 13:44:40] Cycle #1 Started
[2025-10-26 13:44:40] ========================================
[2025-10-26 13:44:40] [1/2] Running Watcher...
[2025-10-26 13:44:45] DB Connection Failed: SQLSTATE[HY000] [2002] No connection could be made because the target machine actively refused it
[2025-10-26 13:44:45] Waiting 5 seconds...
[2025-10-26 13:44:50] [2/2] Running Worker...
[2025-10-26 13:44:54] DB Connection Failed: SQLSTATE[HY000] [2002] No connection could be made because the target machine actively refused it
[2025-10-26 13:44:54] ========================================
[2025-10-26 13:44:54] Cycle #1 Completed
[2025-10-26 13:44:54] ========================================
[2025-10-26 13:44:54] Waiting 1 minute before next cycle...
[2025-10-26 13:44:54] 
[2025-10-26 13:45:54] ========================================
[2025-10-26 13:45:54] Cycle #2 Started
[2025-10-26 13:45:54] ========================================
[2025-10-26 13:45:54] [1/2] Running Watcher...
[2025-10-26 13:45:55] ========================================
[Watcher] 🔍 Started at 2025-10-26 13:45:55
========================================
[Info] Last processed trans_id: 4504299
[Info] Current max trans_id: 4505003
[Info] New rows available: 704
[⏸] Waiting... Need 296 more rows to create a new job
========================================
[Watcher] Finished at 2025-10-26 13:45:55
========================================

[2025-10-26 13:45:55] Waiting 5 seconds...
[2025-10-26 13:46:00] [2/2] Running Worker...
[2025-10-26 14:27:06] ========================================
[2025-10-26 14:27:06] TCPDF System Runner Started
[2025-10-26 14:27:06] ========================================
[2025-10-26 14:27:06] Files verified successfully
[2025-10-26 14:27:06] Starting infinite loop...
[2025-10-26 14:27:06] 
[2025-10-26 14:27:06] ========================================
[2025-10-26 14:27:06] Cycle #1 Started
[2025-10-26 14:27:06] ========================================
[2025-10-26 14:27:06] [1/2] Running Watcher...
[2025-10-26 14:27:10] DB Connection Failed: SQLSTATE[HY000] [2002] No connection could be made because the target machine actively refused it
[2025-10-26 14:27:10] Waiting 5 seconds...
[2025-10-26 14:27:15] [2/2] Running Worker...
[2025-10-26 14:27:20] DB Connection Failed: SQLSTATE[HY000] [2002] No connection could be made because the target machine actively refused it
[2025-10-26 14:27:20] ========================================
[2025-10-26 14:27:20] Cycle #1 Completed
[2025-10-26 14:27:20] ========================================
[2025-10-26 14:27:20] Waiting 1 minute before next cycle...
[2025-10-26 14:27:20] 
[2025-10-26 14:28:20] ========================================
[2025-10-26 14:28:20] Cycle #2 Started
[2025-10-26 14:28:20] ========================================
[2025-10-26 14:28:20] [1/2] Running Watcher...
[2025-10-26 14:28:20] ========================================
[Watcher] 🔍 Started at 2025-10-26 14:28:20
========================================
[Info] Last processed trans_id: 4508299
[Info] Current max trans_id: 4509003
[Info] New rows available: 704
[⏸] Waiting... Need 296 more rows to create a new job
========================================
[Watcher] Finished at 2025-10-26 14:28:20
========================================

[2025-10-26 14:28:20] Waiting 5 seconds...
[2025-10-26 14:28:25] [2/2] Running Worker...
