[2025-10-26 14:03:11] ========================================
[2025-10-26 14:03:11] TCPDF Worker Runner Started
[2025-10-26 14:03:11] ========================================
[2025-10-26 14:03:11] Worker file verified successfully
[2025-10-26 14:03:11] Starting infinite loop...
[2025-10-26 14:03:11] 
[2025-10-26 14:03:11] ========================================
[2025-10-26 14:03:11] Worker Cycle #1 Started
[2025-10-26 14:03:11] ========================================
[2025-10-26 14:05:28] ========================================
[Worker] 🚀 Started at 2025-10-26 14:03:11
========================================
[✅] Job #6196 completed: E:\programs\composer\htdocs\TCPDF\tcpdf_job_queue_stock_moves_v2\classes/../reports/حركة_المخزون_(129300_to_130299)_2025-10-26.pdf
[✅] Job #6197 completed: E:\programs\composer\htdocs\TCPDF\tcpdf_job_queue_stock_moves_v2\classes/../reports/حركة_المخزون_(130300_to_131299)_2025-10-26.pdf
[✅] Job #6198 completed: E:\programs\composer\htdocs\TCPDF\tcpdf_job_queue_stock_moves_v2\classes/../reports/حركة_المخزون_(131300_to_132299)_2025-10-26.pdf
[✅] Job #6199 completed: E:\programs\composer\htdocs\TCPDF\tcpdf_job_queue_stock_moves_v2\classes/../reports/حركة_المخزون_(132300_to_133299)_2025-10-26.pdf
[✅] Job #6200 completed: E:\programs\composer\htdocs\TCPDF\tcpdf_job_queue_stock_moves_v2\classes/../reports/حركة_المخزون_(133300_to_134299)_2025-10-26.pdf
[✅] Job #6201 completed: E:\programs\composer\htdocs\TCPDF\tcpdf_job_queue_stock_moves_v2\classes/../reports/حركة_المخزون_(134300_to_135299)_2025-10-26.pdf
[✅] Job #6202 completed: E:\programs\composer\htdocs\TCPDF\tcpdf_job_queue_stock_moves_v2\classes/../reports/حركة_المخزون_(135300_to_136299)_2025-10-26.pdf
[✅] Job #6203 completed: E:\programs\composer\htdocs\TCPDF\tcpdf_job_queue_stock_moves_v2\classes/../reports/حركة_المخزون_(136300_to_137299)_2025-10-26.pdf
[✅] Job #6204 completed: E:\programs\composer\htdocs\TCPDF\tcpdf_job_queue_stock_moves_v2\classes/../reports/حركة_المخزون_(137300_to_138299)_2025-10-26.pdf
[✅] Job #6205 completed: E:\programs\composer\htdocs\TCPDF\tcpdf_job_queue_stock_moves_v2\classes/../reports/حركة_المخزون_(138300_to_139299)_2025-10-26.pdf
[✅] Job #6206 completed: E:\programs\composer\htdocs\TCPDF\tcpdf_job_queue_stock_moves_v2\classes/../reports/حركة_المخزون_(139300_to_140299)_2025-10-26.pdf
[✅] Job #6207 completed: E:\programs\composer\htdocs\TCPDF\tcpdf_job_queue_stock_moves_v2\classes/../reports/حركة_المخزون_(140300_to_141299)_2025-10-26.pdf
[✅] Job #6208 completed: E:\programs\composer\htdocs\TCPDF\tcpdf_job_queue_stock_moves_v2\classes/../reports/حركة_المخزون_(141300_to_142299)_2025-10-26.pdf
[✅] Job #6209 completed: E:\programs\composer\htdocs\TCPDF\tcpdf_job_queue_stock_moves_v2\classes/../reports/حركة_المخزون_(142300_to_143299)_2025-10-26.pdf
[✅] Job #6210 completed: E:\programs\composer\htdocs\TCPDF\tcpdf_job_queue_stock_moves_v2\classes/../reports/حركة_المخزون_(143300_to_144299)_2025-10-26.pdf
[✅] Job #6211 completed: E:\programs\composer\htdocs\TCPDF\tcpdf_job_queue_stock_moves_v2\classes/../reports/حركة_المخزون_(144300_to_145299)_2025-10-26.pdf
[✅] Job #6212 completed: E:\programs\composer\htdocs\TCPDF\tcpdf_job_queue_stock_moves_v2\classes/../reports/حركة_المخزون_(145300_to_146299)_2025-10-26.pdf
[✅] Job #6213 completed: E:\programs\composer\htdocs\TCPDF\tcpdf_job_queue_stock_moves_v2\classes/../reports/حركة_المخزون_(146300_to_147299)_2025-10-26.pdf
[✅] Job #6214 completed: E:\programs\composer\htdocs\TCPDF\tcpdf_job_queue_stock_moves_v2\classes/../reports/حركة_المخزون_(147300_to_148299)_2025-10-26.pdf
[✅] Job #6215 completed: E:\programs\composer\htdocs\TCPDF\tcpdf_job_queue_stock_moves_v2\classes/../reports/حركة_المخزون_(148300_to_149299)_2025-10-26.pdf
[✅] Job #6216 completed: E:\programs\composer\htdocs\TCPDF\tcpdf_job_queue_stock_moves_v2\classes/../reports/حركة_المخزون_(149300_to_150299)_2025-10-26.pdf
[✅] Job #6217 completed: E:\programs\composer\htdocs\TCPDF\tcpdf_job_queue_stock_moves_v2\classes/../reports/حركة_المخزون_(150300_to_151299)_2025-10-26.pdf
[✅] Job #6218 completed: E:\programs\composer\htdocs\TCPDF\tcpdf_job_queue_stock_moves_v2\classes/../reports/حركة_المخزون_(151300_to_152299)_2025-10-26.pdf
[✅] Job #6219 completed: E:\programs\composer\htdocs\TCPDF\tcpdf_job_queue_stock_moves_v2\classes/../reports/حركة_المخزون_(152300_to_153299)_2025-10-26.pdf
[✅] Job #6220 completed: E:\programs\composer\htdocs\TCPDF\tcpdf_job_queue_stock_moves_v2\classes/../reports/حركة_المخزون_(153300_to_154299)_2025-10-26.pdf
[✅] Job #6221 completed: E:\programs\composer\htdocs\TCPDF\tcpdf_job_queue_stock_moves_v2\classes/../reports/حركة_المخزون_(154300_to_155299)_2025-10-26.pdf
[✅] Job #6222 completed: E:\programs\composer\htdocs\TCPDF\tcpdf_job_queue_stock_moves_v2\classes/../reports/حركة_المخزون_(155300_to_156299)_2025-10-26.pdf
[✅] Job #6223 completed: E:\programs\composer\htdocs\TCPDF\tcpdf_job_queue_stock_moves_v2\classes/../reports/حركة_المخزون_(156300_to_157299)_2025-10-26.pdf
[✅] Job #6224 completed: E:\programs\composer\htdocs\TCPDF\tcpdf_job_queue_stock_moves_v2\classes/../reports/حركة_المخزون_(157300_to_158299)_2025-10-26.pdf
[✅] Job #6225 completed: E:\programs\composer\htdocs\TCPDF\tcpdf_job_queue_stock_moves_v2\classes/../reports/حركة_المخزون_(158300_to_159299)_2025-10-26.pdf
[✅] Job #6226 completed: E:\programs\composer\htdocs\TCPDF\tcpdf_job_queue_stock_moves_v2\classes/../reports/حركة_المخزون_(159300_to_160299)_2025-10-26.pdf
[\u2705] Processed 31 out of 31 jobs.
========================================
[Success] Processed 31 job(s) successfully
========================================
[Worker] Finished at 2025-10-26 14:05:28
========================================

[2025-10-26 14:05:28] ========================================
[2025-10-26 14:05:28] Worker Cycle #1 Completed
[2025-10-26 14:05:28] ========================================
[2025-10-26 14:05:28] Waiting 10 seconds before next cycle...
[2025-10-26 14:05:28] 
[2025-10-26 14:05:38] ========================================
[2025-10-26 14:05:38] Worker Cycle #2 Started
[2025-10-26 14:05:38] ========================================
